{"level":"info","message":"HTTP GET / 200 11ms","meta":{},"timestamp":"2022-07-31 16:58:20"}
{"level":"warn","message":"HTTP GET /favicon.ico 404 5ms","meta":{},"timestamp":"2022-07-31 16:58:21"}
{"level":"error","message":"HTTP POST /api/v1/auth/register 500 121ms","meta":{},"timestamp":"2022-07-31 17:30:54"}
{"level":"error","message":"HTTP POST /api/v1/auth/register 500 11ms","meta":{},"timestamp":"2022-07-31 17:32:17"}
{"level":"error","message":"HTTP POST /api/v1/auth/register 500 24ms","meta":{},"timestamp":"2022-07-31 17:32:58"}
{"level":"error","message":"HTTP POST /api/v1/auth/register 500 202ms","meta":{},"timestamp":"2022-07-31 17:33:22"}
{"level":"error","message":"HTTP POST /api/v1/auth/register 500 1493ms","meta":{},"timestamp":"2022-07-31 17:33:44"}
{"level":"error","message":"HTTP POST /api/v1/auth/register 500 35ms","meta":{},"timestamp":"2022-07-31 17:35:47"}
{"level":"error","message":"HTTP POST /api/v1/auth/register 500 43ms","meta":{},"timestamp":"2022-07-31 17:36:26"}
{"level":"error","message":"HTTP POST /api/v1/auth/register 500 55ms","meta":{},"timestamp":"2022-07-31 17:36:59"}
{"level":"info","message":"HTTP POST /api/v1/auth/register 201 49ms","meta":{},"timestamp":"2022-07-31 17:37:43"}
{"level":"warn","message":"HTTP GET /api/v1/user/1 403 5ms","meta":{},"timestamp":"2022-07-31 18:16:24"}
{"level":"warn","message":"HTTP GET /api/v1/user/1 403 7ms","meta":{},"timestamp":"2022-07-31 18:17:23"}
{"level":"warn","message":"HTTP GET /api/v1/user/1 403 6ms","meta":{},"timestamp":"2022-07-31 18:17:54"}
{"level":"info","message":"HTTP POST /api/v1/auth/login 200 56ms","meta":{},"timestamp":"2022-07-31 18:19:44"}
{"level":"warn","message":"HTTP GET /api/v1/user/1 403 5ms","meta":{},"timestamp":"2022-07-31 18:19:56"}
{"level":"info","message":"HTTP POST /api/v1/auth/login 200 33ms","meta":{},"timestamp":"2022-07-31 18:20:20"}
{"level":"info","message":"HTTP GET /api/v1/user/1 200 33ms","meta":{},"timestamp":"2022-07-31 18:20:32"}
{"level":"warn","message":"HTTP GET /api/v1/user/user 403 4ms","meta":{},"timestamp":"2022-07-31 18:24:21"}
{"level":"warn","message":"HTTP GET /api/v1/user/user 404 41ms","meta":{},"timestamp":"2022-07-31 18:24:41"}
{"level":"warn","message":"HTTP GET /api/v1/user/user 404 44ms","meta":{},"timestamp":"2022-07-31 18:26:59"}
{"level":"warn","message":"HTTP GET /api/v1/user/user 404 43ms","meta":{},"timestamp":"2022-07-31 18:27:41"}
{"level":"warn","message":"HTTP GET /api/v1/user/user 404 1244ms","meta":{},"timestamp":"2022-07-31 18:27:53"}
{"level":"info","message":"HTTP POST /api/v1/user/user 200 97ms","meta":{},"timestamp":"2022-07-31 18:29:55"}
{"level":"info","message":"HTTP POST /api/v1/user/ 200 71ms","meta":{},"timestamp":"2022-07-31 19:02:09"}
{"level":"warn","message":"HTTP POST /api/v1/user/ 403 2ms","meta":{},"timestamp":"2022-07-31 19:02:12"}
{"level":"info","message":"HTTP POST /api/v1/user/ 200 34ms","meta":{},"timestamp":"2022-07-31 19:02:15"}
{"level":"info","message":"HTTP POST /api/v1/user/ 200 46ms","meta":{},"timestamp":"2022-07-31 19:03:47"}
{"level":"info","message":"HTTP GET /api/v1/user/1 200 35ms","meta":{},"timestamp":"2022-07-31 19:04:03"}
{"level":"info","message":"HTTP GET /api/v1/user/ 200 58ms","meta":{},"timestamp":"2022-07-31 20:02:15"}
{"level":"info","message":"HTTP GET /api/v1/user/ 200 51ms","meta":{},"timestamp":"2022-07-31 20:02:30"}
{"level":"error","message":"HTTP GET /api/v1/user/ 500 228ms","meta":{},"timestamp":"2022-07-31 20:53:48"}
{"level":"error","message":"HTTP GET /api/v1/user/ 500 249ms","meta":{},"timestamp":"2022-07-31 20:58:49"}
{"level":"info","message":"HTTP GET /api/v1/user 200 172ms","meta":{},"timestamp":"2022-07-31 20:59:28"}
{"level":"info","message":"HTTP GET /api/v1/user?search=dhani&orderBy=desc&limit=5&page=1 200 84ms","meta":{},"timestamp":"2022-07-31 21:00:27"}
{"level":"info","message":"HTTP GET /api/v1/user?search=set&orderBy=desc&limit=5&page=1 200 69ms","meta":{},"timestamp":"2022-07-31 21:00:33"}
{"level":"info","message":"HTTP GET /api/v1/user?search=aku&orderBy=desc&limit=5&page=1 200 66ms","meta":{},"timestamp":"2022-07-31 21:00:38"}
{"level":"info","message":"HTTP GET /api/v1/user?search=dhani&orderBy=desc&limit=5&page=1 200 66ms","meta":{},"timestamp":"2022-07-31 21:00:48"}
{"level":"warn","message":"HTTP PATCH /api/v1/user/ 403 5ms","meta":{},"timestamp":"2022-07-31 21:18:28"}
{"level":"error","message":"HTTP PATCH /api/v1/user/ 500 63ms","meta":{},"timestamp":"2022-07-31 21:20:00"}
{"level":"error","message":"HTTP PATCH /api/v1/user/ 500 26ms","meta":{},"timestamp":"2022-07-31 21:48:05"}
{"level":"error","message":"HTTP PATCH /api/v1/user/ 500 39ms","meta":{},"timestamp":"2022-07-31 21:48:32"}
{"level":"error","message":"HTTP PATCH /api/v1/user/ 500 1907ms","meta":{},"timestamp":"2022-07-31 21:49:08"}
{"level":"error","message":"HTTP PATCH /api/v1/user/ 500 881ms","meta":{},"timestamp":"2022-07-31 21:49:32"}
{"level":"error","message":"HTTP PATCH /api/v1/user/ 500 1918ms","meta":{},"timestamp":"2022-07-31 21:51:06"}
{"level":"error","message":"HTTP PATCH /api/v1/user/ 500 24ms","meta":{},"timestamp":"2022-07-31 21:52:00"}
{"level":"error","message":"HTTP PATCH /api/v1/user/ 500 6ms","meta":{},"timestamp":"2022-07-31 21:52:10"}
{"level":"error","message":"HTTP PATCH /api/v1/user/ 500 1943ms","meta":{},"timestamp":"2022-07-31 21:54:38"}
{"level":"warn","message":"HTTP PATCH /api/v1/user/ 400 2893ms","meta":{},"timestamp":"2022-07-31 21:56:12"}
{"level":"warn","message":"HTTP PATCH /api/v1/user/ 400 3148ms","meta":{},"timestamp":"2022-07-31 21:58:17"}
{"level":"warn","message":"HTTP PATCH /api/v1/user/ 400 2897ms","meta":{},"timestamp":"2022-07-31 21:58:37"}
{"level":"warn","message":"HTTP PATCH /api/v1/user/ 400 3485ms","meta":{},"timestamp":"2022-07-31 21:59:20"}
{"level":"error","message":"HTTP PATCH /api/v1/user/ 500 1415ms","meta":{},"timestamp":"2022-07-31 21:59:42"}
{"level":"error","message":"HTTP PATCH /api/v1/user/ 500 1227ms","meta":{},"timestamp":"2022-07-31 22:00:07"}
{"level":"error","message":"HTTP PATCH /api/v1/user/ 500 1427ms","meta":{},"timestamp":"2022-07-31 22:00:27"}
{"level":"info","message":"HTTP PATCH /api/v1/user/ 200 20ms","meta":{},"timestamp":"2022-07-31 22:03:17"}
{"level":"info","message":"HTTP PATCH /api/v1/user/ 200 5ms","meta":{},"timestamp":"2022-07-31 22:03:21"}
{"level":"error","message":"HTTP PATCH /api/v1/user/ 500 1975ms","meta":{},"timestamp":"2022-07-31 22:06:21"}
{"level":"error","message":"HTTP PATCH /api/v1/user/ 500 1834ms","meta":{},"timestamp":"2022-07-31 22:06:45"}
{"level":"error","message":"HTTP PATCH /api/v1/user/ 500 1735ms","meta":{},"timestamp":"2022-07-31 22:06:55"}
{"level":"error","message":"HTTP PATCH /api/v1/user/ 500 1831ms","meta":{},"timestamp":"2022-07-31 22:07:37"}
{"level":"error","message":"HTTP PATCH /api/v1/user/ 500 4721ms","meta":{},"timestamp":"2022-07-31 22:08:36"}
{"level":"error","message":"HTTP PATCH /api/v1/user/ 500 1917ms","meta":{},"timestamp":"2022-07-31 22:09:03"}
{"level":"error","message":"HTTP PATCH /api/v1/user/ 500 93ms","meta":{},"timestamp":"2022-07-31 22:16:25"}
{"level":"error","message":"HTTP PATCH /api/v1/user/ 500 91ms","meta":{},"timestamp":"2022-07-31 22:16:55"}
{"level":"error","message":"HTTP PATCH /api/v1/user/ 500 101ms","meta":{},"timestamp":"2022-07-31 22:17:15"}
{"level":"error","message":"HTTP PATCH /api/v1/user/ 500 99ms","meta":{},"timestamp":"2022-07-31 22:18:01"}
{"level":"error","message":"HTTP PATCH /api/v1/user/ 500 105ms","meta":{},"timestamp":"2022-07-31 22:19:30"}
{"level":"info","message":"HTTP PATCH /api/v1/user/ 200 110ms","meta":{},"timestamp":"2022-07-31 22:20:28"}
{"level":"info","message":"HTTP PATCH /api/v1/user/ 200 300ms","meta":{},"timestamp":"2022-07-31 22:21:14"}
{"level":"info","message":"HTTP PATCH /api/v1/user/ 200 1677ms","meta":{},"timestamp":"2022-07-31 22:29:07"}
{"level":"info","message":"HTTP PATCH /api/v1/user/ 200 5646ms","meta":{},"timestamp":"2022-07-31 23:00:21"}
{"level":"info","message":"HTTP PATCH /api/v1/user/ 200 80ms","meta":{},"timestamp":"2022-07-31 23:06:01"}
{"level":"info","message":"HTTP PATCH /api/v1/user/ 200 369ms","meta":{},"timestamp":"2022-07-31 23:06:45"}
{"level":"info","message":"HTTP PATCH /api/v1/user/ 200 96ms","meta":{},"timestamp":"2022-07-31 23:06:49"}
{"level":"info","message":"HTTP PATCH /api/v1/user/ 200 118ms","meta":{},"timestamp":"2022-07-31 23:07:45"}
{"level":"info","message":"HTTP PATCH /api/v1/user/ 200 99ms","meta":{},"timestamp":"2022-07-31 23:08:19"}
{"level":"warn","message":"HTTP PATCH /api/v1/user/ 400 60ms","meta":{},"timestamp":"2022-07-31 23:10:30"}
{"level":"info","message":"HTTP PATCH /api/v1/user/update/1 200 75ms","meta":{},"timestamp":"2022-07-31 23:10:50"}
{"level":"info","message":"HTTP PATCH /api/v1/user/update/1 200 88ms","meta":{},"timestamp":"2022-07-31 23:11:27"}
{"level":"info","message":"HTTP PATCH /api/v1/user/update/1 200 123ms","meta":{},"timestamp":"2022-07-31 23:12:26"}
{"level":"info","message":"HTTP PATCH /api/v1/user/update/1 200 98ms","meta":{},"timestamp":"2022-07-31 23:14:01"}
{"level":"info","message":"HTTP PATCH /api/v1/user/update/1 200 91ms","meta":{},"timestamp":"2022-07-31 23:14:51"}
{"level":"info","message":"HTTP PATCH /api/v1/user/update/1 200 239ms","meta":{},"timestamp":"2022-07-31 23:15:43"}
{"level":"info","message":"HTTP PATCH /api/v1/user/update/1 200 93ms","meta":{},"timestamp":"2022-07-31 23:22:28"}
{"level":"info","message":"HTTP PATCH /api/v1/user/update/1 200 216ms","meta":{},"timestamp":"2022-07-31 23:23:01"}
{"level":"info","message":"HTTP PATCH /api/v1/user/update/1 200 177ms","meta":{},"timestamp":"2022-07-31 23:24:56"}
{"level":"info","message":"HTTP GET /api/v1/user/1 200 43ms","meta":{},"timestamp":"2022-07-31 23:27:13"}
{"level":"info","message":"HTTP GET /api/v1/user/1 200 33ms","meta":{},"timestamp":"2022-07-31 23:27:21"}
{"level":"info","message":"HTTP GET /api/v1/user/1 200 48ms","meta":{},"timestamp":"2022-07-31 23:28:34"}
{"level":"info","message":"HTTP PATCH /api/v1/user/update/1 200 107ms","meta":{},"timestamp":"2022-07-31 23:29:50"}
{"level":"info","message":"HTTP PATCH /api/v1/user/update/1 200 98ms","meta":{},"timestamp":"2022-07-31 23:31:39"}
{"level":"info","message":"HTTP PATCH /api/v1/user/update/1 200 102ms","meta":{},"timestamp":"2022-07-31 23:32:06"}
{"level":"info","message":"HTTP PATCH /api/v1/user/update/1 200 95ms","meta":{},"timestamp":"2022-07-31 23:32:44"}
{"level":"info","message":"HTTP PATCH /api/v1/user/update/1 200 238ms","meta":{},"timestamp":"2022-07-31 23:33:03"}
{"level":"info","message":"HTTP PATCH /api/v1/user/update/1 200 108ms","meta":{},"timestamp":"2022-07-31 23:34:00"}
{"level":"info","message":"HTTP PATCH /api/v1/user/update/1 200 113ms","meta":{},"timestamp":"2022-07-31 23:34:52"}
{"level":"info","message":"HTTP PATCH /api/v1/user/update/1 200 821ms","meta":{},"timestamp":"2022-07-31 23:35:30"}
{"level":"info","message":"HTTP PATCH /api/v1/user/update/1 200 74ms","meta":{},"timestamp":"2022-07-31 23:35:32"}
{"level":"info","message":"HTTP PATCH /api/v1/user/update/1 200 105ms","meta":{},"timestamp":"2022-07-31 23:36:09"}
{"level":"info","message":"HTTP PATCH /api/v1/user/update/1 200 100ms","meta":{},"timestamp":"2022-07-31 23:36:45"}
{"level":"info","message":"HTTP PATCH /api/v1/user/update/1 200 77ms","meta":{},"timestamp":"2022-07-31 23:36:48"}
{"level":"info","message":"HTTP PATCH /api/v1/user/update/1 200 70ms","meta":{},"timestamp":"2022-07-31 23:36:51"}
{"level":"info","message":"HTTP PATCH /api/v1/user/update/1 200 91ms","meta":{},"timestamp":"2022-07-31 23:38:48"}
{"level":"info","message":"HTTP PATCH /api/v1/user/update/1 200 1221ms","meta":{},"timestamp":"2022-07-31 23:39:15"}
{"level":"info","message":"HTTP PATCH /api/v1/user/update/1 200 72ms","meta":{},"timestamp":"2022-07-31 23:39:17"}
{"level":"info","message":"HTTP PATCH /api/v1/user/update/1 200 111ms","meta":{},"timestamp":"2022-07-31 23:39:38"}
{"level":"info","message":"HTTP PATCH /api/v1/user/ 200 104ms","meta":{},"timestamp":"2022-07-31 23:40:47"}
{"level":"info","message":"HTTP PATCH /api/v1/user/ 200 72ms","meta":{},"timestamp":"2022-07-31 23:41:48"}
{"level":"warn","message":"HTTP PATCH /api/v1/user/update/2 404 32ms","meta":{},"timestamp":"2022-07-31 23:42:22"}
{"level":"info","message":"HTTP PATCH /api/v1/user/update/1 200 65ms","meta":{},"timestamp":"2022-07-31 23:42:30"}
{"level":"info","message":"HTTP PATCH /api/v1/user/update/1 200 101ms","meta":{},"timestamp":"2022-07-31 23:44:00"}
{"level":"info","message":"HTTP PATCH /api/v1/user/update/1 200 116ms","meta":{},"timestamp":"2022-07-31 23:46:04"}
{"level":"info","message":"HTTP PATCH /api/v1/user/update/1 200 205ms","meta":{},"timestamp":"2022-08-01 00:14:02"}
{"level":"info","message":"HTTP PATCH /api/v1/user/update/1 200 2446ms","meta":{},"timestamp":"2022-08-01 00:14:48"}
{"level":"info","message":"HTTP PATCH /api/v1/user/update/1 200 1215ms","meta":{},"timestamp":"2022-08-01 00:14:54"}
{"level":"info","message":"HTTP PATCH /api/v1/user/update/1 200 1338ms","meta":{},"timestamp":"2022-08-01 00:15:03"}
